<?xml version="1.0" encoding="UTF-8"?>
<!-- Generated by org.testng.reporters.JUnitReportReporter -->
<testsuite hostname="DESKTOP-T039J2V" failures="0" tests="1" name="com.demoqa.tests.PracticeFormTest" time="8.702" errors="0" timestamp="2024-04-18T12:23:02 CEST" skipped="0">
  <testcase classname="com.demoqa.tests.PracticeFormTest" name="createStudentAccountTest" time="8.702"/>
</testsuite> <!-- com.demoqa.tests.PracticeFormTest -->
